ERROR - 2025-09-16 03:26:31 --> mysqli_sql_exception: Table 'sistem_akademik.mahasiswa' doesn't exist in C:\xampp\htdocs\W4\CI4_latihan001\system\Database\MySQLi\Connection.php:327
Stack trace:
#0 C:\xampp\htdocs\W4\CI4_latihan001\system\Database\MySQLi\Connection.php(327): mysqli->query('SELECT * FROM m...', 0)
#1 C:\xampp\htdocs\W4\CI4_latihan001\system\Database\BaseConnection.php(729): CodeIgniter\Database\MySQLi\Connection->execute('SELECT * FROM m...')
#2 C:\xampp\htdocs\W4\CI4_latihan001\system\Database\BaseConnection.php(646): CodeIgniter\Database\BaseConnection->simpleQuery('SELECT * FROM m...')
#3 C:\xampp\htdocs\W4\CI4_latihan001\app\Models\MahasiswaModel.php(13): CodeIgniter\Database\BaseConnection->query('SELECT * FROM m...')
#4 C:\xampp\htdocs\W4\CI4_latihan001\app\Controllers\Berita.php(16): App\Models\MahasiswaModel->getMahasiswa()
#5 C:\xampp\htdocs\W4\CI4_latihan001\system\CodeIgniter.php(933): App\Controllers\Berita->index()
#6 C:\xampp\htdocs\W4\CI4_latihan001\system\CodeIgniter.php(507): CodeIgniter\CodeIgniter->runController(Object(App\Controllers\Berita))
#7 C:\xampp\htdocs\W4\CI4_latihan001\system\CodeIgniter.php(354): CodeIgniter\CodeIgniter->handleRequest(NULL, Object(Config\Cache), false)
#8 C:\xampp\htdocs\W4\CI4_latihan001\system\Boot.php(363): CodeIgniter\CodeIgniter->run()
#9 C:\xampp\htdocs\W4\CI4_latihan001\system\Boot.php(68): CodeIgniter\Boot::runCodeIgniter(Object(CodeIgniter\CodeIgniter))
#10 C:\xampp\htdocs\W4\CI4_latihan001\public\index.php(59): CodeIgniter\Boot::bootWeb(Object(Config\Paths))
#11 {main}
CRITICAL - 2025-09-16 03:26:31 --> CodeIgniter\Database\Exceptions\DatabaseException: Table 'sistem_akademik.mahasiswa' doesn't exist
[Method: GET, Route: berita]
in SYSTEMPATH\Database\BaseConnection.php on line 684.
 1 APPPATH\Models\MahasiswaModel.php(13): CodeIgniter\Database\BaseConnection->query('SELECT * FROM mahasiswa')
 2 APPPATH\Controllers\Berita.php(16): App\Models\MahasiswaModel->getMahasiswa()
 3 SYSTEMPATH\CodeIgniter.php(933): App\Controllers\Berita->index()
 4 SYSTEMPATH\CodeIgniter.php(507): CodeIgniter\CodeIgniter->runController(Object(App\Controllers\Berita))
 5 SYSTEMPATH\CodeIgniter.php(354): CodeIgniter\CodeIgniter->handleRequest(null, Object(Config\Cache), false)
 6 SYSTEMPATH\Boot.php(363): CodeIgniter\CodeIgniter->run()
 7 SYSTEMPATH\Boot.php(68): CodeIgniter\Boot::runCodeIgniter(Object(CodeIgniter\CodeIgniter))
 8 FCPATH\index.php(59): CodeIgniter\Boot::bootWeb(Object(Config\Paths))
CRITICAL - 2025-09-16 03:26:31 --> [Caused by] CodeIgniter\Database\Exceptions\DatabaseException: Table 'sistem_akademik.mahasiswa' doesn't exist
in SYSTEMPATH\Database\MySQLi\Connection.php on line 332.
 1 SYSTEMPATH\Database\BaseConnection.php(729): CodeIgniter\Database\MySQLi\Connection->execute('SELECT * FROM mahasiswa')
 2 SYSTEMPATH\Database\BaseConnection.php(646): CodeIgniter\Database\BaseConnection->simpleQuery('SELECT * FROM mahasiswa')
 3 APPPATH\Models\MahasiswaModel.php(13): CodeIgniter\Database\BaseConnection->query('SELECT * FROM mahasiswa')
 4 APPPATH\Controllers\Berita.php(16): App\Models\MahasiswaModel->getMahasiswa()
 5 SYSTEMPATH\CodeIgniter.php(933): App\Controllers\Berita->index()
 6 SYSTEMPATH\CodeIgniter.php(507): CodeIgniter\CodeIgniter->runController(Object(App\Controllers\Berita))
 7 SYSTEMPATH\CodeIgniter.php(354): CodeIgniter\CodeIgniter->handleRequest(null, Object(Config\Cache), false)
 8 SYSTEMPATH\Boot.php(363): CodeIgniter\CodeIgniter->run()
 9 SYSTEMPATH\Boot.php(68): CodeIgniter\Boot::runCodeIgniter(Object(CodeIgniter\CodeIgniter))
10 FCPATH\index.php(59): CodeIgniter\Boot::bootWeb(Object(Config\Paths))
CRITICAL - 2025-09-16 03:26:31 --> [Caused by] mysqli_sql_exception: Table 'sistem_akademik.mahasiswa' doesn't exist
in SYSTEMPATH\Database\MySQLi\Connection.php on line 327.
 1 SYSTEMPATH\Database\MySQLi\Connection.php(327): mysqli->query('SELECT * FROM mahasiswa', 0)
 2 SYSTEMPATH\Database\BaseConnection.php(729): CodeIgniter\Database\MySQLi\Connection->execute('SELECT * FROM mahasiswa')
 3 SYSTEMPATH\Database\BaseConnection.php(646): CodeIgniter\Database\BaseConnection->simpleQuery('SELECT * FROM mahasiswa')
 4 APPPATH\Models\MahasiswaModel.php(13): CodeIgniter\Database\BaseConnection->query('SELECT * FROM mahasiswa')
 5 APPPATH\Controllers\Berita.php(16): App\Models\MahasiswaModel->getMahasiswa()
 6 SYSTEMPATH\CodeIgniter.php(933): App\Controllers\Berita->index()
 7 SYSTEMPATH\CodeIgniter.php(507): CodeIgniter\CodeIgniter->runController(Object(App\Controllers\Berita))
 8 SYSTEMPATH\CodeIgniter.php(354): CodeIgniter\CodeIgniter->handleRequest(null, Object(Config\Cache), false)
 9 SYSTEMPATH\Boot.php(363): CodeIgniter\CodeIgniter->run()
10 SYSTEMPATH\Boot.php(68): CodeIgniter\Boot::runCodeIgniter(Object(CodeIgniter\CodeIgniter))
11 FCPATH\index.php(59): CodeIgniter\Boot::bootWeb(Object(Config\Paths))
CRITICAL - 2025-09-16 04:08:05 --> ErrorException: Undefined array key "course_name"
[Method: GET, Route: courses]
in APPPATH\Views\courses\index.php on line 24.
 1 APPPATH\Views\courses\index.php(24): CodeIgniter\Debug\Exceptions->errorHandler(2, 'Undefined array key "course_name"', 'C:\\xampp\\htdocs\\W4\\CI4_latihan001\\app\\Views\\courses\\index.php', 24)
 2 SYSTEMPATH\View\View.php(226): include('C:\\xampp\\htdocs\\W4\\CI4_latihan001\\app\\Views\\courses\\index.php')
 3 SYSTEMPATH\View\View.php(229): CodeIgniter\View\View->CodeIgniter\View\{closure}()
 4 SYSTEMPATH\Common.php(1167): CodeIgniter\View\View->render('courses/index', [], true)
 5 APPPATH\Controllers\CourseController.php(14): view('courses/index', [...])
 6 SYSTEMPATH\CodeIgniter.php(933): App\Controllers\CourseController->index()
 7 SYSTEMPATH\CodeIgniter.php(507): CodeIgniter\CodeIgniter->runController(Object(App\Controllers\CourseController))
 8 SYSTEMPATH\CodeIgniter.php(354): CodeIgniter\CodeIgniter->handleRequest(null, Object(Config\Cache), false)
 9 SYSTEMPATH\Boot.php(363): CodeIgniter\CodeIgniter->run()
10 SYSTEMPATH\Boot.php(68): CodeIgniter\Boot::runCodeIgniter(Object(CodeIgniter\CodeIgniter))
11 FCPATH\index.php(59): CodeIgniter\Boot::bootWeb(Object(Config\Paths))
CRITICAL - 2025-09-16 04:08:07 --> ErrorException: Undefined array key "course_name"
[Method: GET, Route: courses]
in APPPATH\Views\courses\index.php on line 24.
 1 APPPATH\Views\courses\index.php(24): CodeIgniter\Debug\Exceptions->errorHandler(2, 'Undefined array key "course_name"', 'C:\\xampp\\htdocs\\W4\\CI4_latihan001\\app\\Views\\courses\\index.php', 24)
 2 SYSTEMPATH\View\View.php(226): include('C:\\xampp\\htdocs\\W4\\CI4_latihan001\\app\\Views\\courses\\index.php')
 3 SYSTEMPATH\View\View.php(229): CodeIgniter\View\View->CodeIgniter\View\{closure}()
 4 SYSTEMPATH\Common.php(1167): CodeIgniter\View\View->render('courses/index', [], true)
 5 APPPATH\Controllers\CourseController.php(14): view('courses/index', [...])
 6 SYSTEMPATH\CodeIgniter.php(933): App\Controllers\CourseController->index()
 7 SYSTEMPATH\CodeIgniter.php(507): CodeIgniter\CodeIgniter->runController(Object(App\Controllers\CourseController))
 8 SYSTEMPATH\CodeIgniter.php(354): CodeIgniter\CodeIgniter->handleRequest(null, Object(Config\Cache), false)
 9 SYSTEMPATH\Boot.php(363): CodeIgniter\CodeIgniter->run()
10 SYSTEMPATH\Boot.php(68): CodeIgniter\Boot::runCodeIgniter(Object(CodeIgniter\CodeIgniter))
11 FCPATH\index.php(59): CodeIgniter\Boot::bootWeb(Object(Config\Paths))
CRITICAL - 2025-09-16 04:08:10 --> ErrorException: Undefined array key "course_name"
[Method: GET, Route: courses]
in APPPATH\Views\courses\index.php on line 24.
 1 APPPATH\Views\courses\index.php(24): CodeIgniter\Debug\Exceptions->errorHandler(2, 'Undefined array key "course_name"', 'C:\\xampp\\htdocs\\W4\\CI4_latihan001\\app\\Views\\courses\\index.php', 24)
 2 SYSTEMPATH\View\View.php(226): include('C:\\xampp\\htdocs\\W4\\CI4_latihan001\\app\\Views\\courses\\index.php')
 3 SYSTEMPATH\View\View.php(229): CodeIgniter\View\View->CodeIgniter\View\{closure}()
 4 SYSTEMPATH\Common.php(1167): CodeIgniter\View\View->render('courses/index', [], true)
 5 APPPATH\Controllers\CourseController.php(14): view('courses/index', [...])
 6 SYSTEMPATH\CodeIgniter.php(933): App\Controllers\CourseController->index()
 7 SYSTEMPATH\CodeIgniter.php(507): CodeIgniter\CodeIgniter->runController(Object(App\Controllers\CourseController))
 8 SYSTEMPATH\CodeIgniter.php(354): CodeIgniter\CodeIgniter->handleRequest(null, Object(Config\Cache), false)
 9 SYSTEMPATH\Boot.php(363): CodeIgniter\CodeIgniter->run()
10 SYSTEMPATH\Boot.php(68): CodeIgniter\Boot::runCodeIgniter(Object(CodeIgniter\CodeIgniter))
11 FCPATH\index.php(59): CodeIgniter\Boot::bootWeb(Object(Config\Paths))
CRITICAL - 2025-09-16 04:08:55 --> ErrorException: Undefined array key "course_name"
[Method: GET, Route: courses]
in APPPATH\Views\courses\index.php on line 24.
 1 APPPATH\Views\courses\index.php(24): CodeIgniter\Debug\Exceptions->errorHandler(2, 'Undefined array key "course_name"', 'C:\\xampp\\htdocs\\W4\\CI4_latihan001\\app\\Views\\courses\\index.php', 24)
 2 SYSTEMPATH\View\View.php(226): include('C:\\xampp\\htdocs\\W4\\CI4_latihan001\\app\\Views\\courses\\index.php')
 3 SYSTEMPATH\View\View.php(229): CodeIgniter\View\View->CodeIgniter\View\{closure}()
 4 SYSTEMPATH\Common.php(1167): CodeIgniter\View\View->render('courses/index', [], true)
 5 APPPATH\Controllers\CourseController.php(14): view('courses/index', [...])
 6 SYSTEMPATH\CodeIgniter.php(933): App\Controllers\CourseController->index()
 7 SYSTEMPATH\CodeIgniter.php(507): CodeIgniter\CodeIgniter->runController(Object(App\Controllers\CourseController))
 8 SYSTEMPATH\CodeIgniter.php(354): CodeIgniter\CodeIgniter->handleRequest(null, Object(Config\Cache), false)
 9 SYSTEMPATH\Boot.php(363): CodeIgniter\CodeIgniter->run()
10 SYSTEMPATH\Boot.php(68): CodeIgniter\Boot::runCodeIgniter(Object(CodeIgniter\CodeIgniter))
11 FCPATH\index.php(59): CodeIgniter\Boot::bootWeb(Object(Config\Paths))
CRITICAL - 2025-09-16 04:10:22 --> ErrorException: Undefined array key "course_name"
[Method: GET, Route: courses]
in APPPATH\Views\courses\index.php on line 24.
 1 APPPATH\Views\courses\index.php(24): CodeIgniter\Debug\Exceptions->errorHandler(2, 'Undefined array key "course_name"', 'C:\\xampp\\htdocs\\W4\\CI4_latihan001\\app\\Views\\courses\\index.php', 24)
 2 SYSTEMPATH\View\View.php(226): include('C:\\xampp\\htdocs\\W4\\CI4_latihan001\\app\\Views\\courses\\index.php')
 3 SYSTEMPATH\View\View.php(229): CodeIgniter\View\View->CodeIgniter\View\{closure}()
 4 SYSTEMPATH\Common.php(1167): CodeIgniter\View\View->render('courses/index', [], true)
 5 APPPATH\Controllers\CourseController.php(14): view('courses/index', [...])
 6 SYSTEMPATH\CodeIgniter.php(933): App\Controllers\CourseController->index()
 7 SYSTEMPATH\CodeIgniter.php(507): CodeIgniter\CodeIgniter->runController(Object(App\Controllers\CourseController))
 8 SYSTEMPATH\CodeIgniter.php(354): CodeIgniter\CodeIgniter->handleRequest(null, Object(Config\Cache), false)
 9 SYSTEMPATH\Boot.php(363): CodeIgniter\CodeIgniter->run()
10 SYSTEMPATH\Boot.php(68): CodeIgniter\Boot::runCodeIgniter(Object(CodeIgniter\CodeIgniter))
11 FCPATH\index.php(59): CodeIgniter\Boot::bootWeb(Object(Config\Paths))
CRITICAL - 2025-09-16 04:10:50 --> ErrorException: Undefined array key "course_name"
[Method: GET, Route: courses]
in APPPATH\Views\courses\index.php on line 24.
 1 APPPATH\Views\courses\index.php(24): CodeIgniter\Debug\Exceptions->errorHandler(2, 'Undefined array key "course_name"', 'C:\\xampp\\htdocs\\W4\\CI4_latihan001\\app\\Views\\courses\\index.php', 24)
 2 SYSTEMPATH\View\View.php(226): include('C:\\xampp\\htdocs\\W4\\CI4_latihan001\\app\\Views\\courses\\index.php')
 3 SYSTEMPATH\View\View.php(229): CodeIgniter\View\View->CodeIgniter\View\{closure}()
 4 SYSTEMPATH\Common.php(1167): CodeIgniter\View\View->render('courses/index', [], true)
 5 APPPATH\Controllers\CourseController.php(14): view('courses/index', [...])
 6 SYSTEMPATH\CodeIgniter.php(933): App\Controllers\CourseController->index()
 7 SYSTEMPATH\CodeIgniter.php(507): CodeIgniter\CodeIgniter->runController(Object(App\Controllers\CourseController))
 8 SYSTEMPATH\CodeIgniter.php(354): CodeIgniter\CodeIgniter->handleRequest(null, Object(Config\Cache), false)
 9 SYSTEMPATH\Boot.php(363): CodeIgniter\CodeIgniter->run()
10 SYSTEMPATH\Boot.php(68): CodeIgniter\Boot::runCodeIgniter(Object(CodeIgniter\CodeIgniter))
11 FCPATH\index.php(59): CodeIgniter\Boot::bootWeb(Object(Config\Paths))
CRITICAL - 2025-09-16 04:33:45 --> ErrorException: Undefined variable $username
[Method: GET, Route: home]
in APPPATH\Views\dashboard.php on line 17.
 1 APPPATH\Views\dashboard.php(17): CodeIgniter\Debug\Exceptions->errorHandler(2, 'Undefined variable $username', 'C:\\xampp\\htdocs\\W4\\CI4_latihan001\\app\\Views\\dashboard.php', 17)
 2 SYSTEMPATH\View\View.php(226): include('C:\\xampp\\htdocs\\W4\\CI4_latihan001\\app\\Views\\dashboard.php')
 3 SYSTEMPATH\View\View.php(229): CodeIgniter\View\View->CodeIgniter\View\{closure}()
 4 SYSTEMPATH\Common.php(1167): CodeIgniter\View\View->render('dashboard', [], true)
 5 APPPATH\Controllers\Home.php(14): view('dashboard', [...])
 6 SYSTEMPATH\CodeIgniter.php(933): App\Controllers\Home->index()
 7 SYSTEMPATH\CodeIgniter.php(507): CodeIgniter\CodeIgniter->runController(Object(App\Controllers\Home))
 8 SYSTEMPATH\CodeIgniter.php(354): CodeIgniter\CodeIgniter->handleRequest(null, Object(Config\Cache), false)
 9 SYSTEMPATH\Boot.php(363): CodeIgniter\CodeIgniter->run()
10 SYSTEMPATH\Boot.php(68): CodeIgniter\Boot::runCodeIgniter(Object(CodeIgniter\CodeIgniter))
11 FCPATH\index.php(59): CodeIgniter\Boot::bootWeb(Object(Config\Paths))
CRITICAL - 2025-09-16 04:33:55 --> ErrorException: Undefined variable $username
[Method: GET, Route: home]
in APPPATH\Views\dashboard.php on line 17.
 1 APPPATH\Views\dashboard.php(17): CodeIgniter\Debug\Exceptions->errorHandler(2, 'Undefined variable $username', 'C:\\xampp\\htdocs\\W4\\CI4_latihan001\\app\\Views\\dashboard.php', 17)
 2 SYSTEMPATH\View\View.php(226): include('C:\\xampp\\htdocs\\W4\\CI4_latihan001\\app\\Views\\dashboard.php')
 3 SYSTEMPATH\View\View.php(229): CodeIgniter\View\View->CodeIgniter\View\{closure}()
 4 SYSTEMPATH\Common.php(1167): CodeIgniter\View\View->render('dashboard', [], true)
 5 APPPATH\Controllers\Home.php(14): view('dashboard', [...])
 6 SYSTEMPATH\CodeIgniter.php(933): App\Controllers\Home->index()
 7 SYSTEMPATH\CodeIgniter.php(507): CodeIgniter\CodeIgniter->runController(Object(App\Controllers\Home))
 8 SYSTEMPATH\CodeIgniter.php(354): CodeIgniter\CodeIgniter->handleRequest(null, Object(Config\Cache), false)
 9 SYSTEMPATH\Boot.php(363): CodeIgniter\CodeIgniter->run()
10 SYSTEMPATH\Boot.php(68): CodeIgniter\Boot::runCodeIgniter(Object(CodeIgniter\CodeIgniter))
11 FCPATH\index.php(59): CodeIgniter\Boot::bootWeb(Object(Config\Paths))
CRITICAL - 2025-09-16 04:38:50 --> ErrorException: Undefined variable $username
[Method: GET, Route: home]
in APPPATH\Views\dashboard.php on line 17.
 1 APPPATH\Views\dashboard.php(17): CodeIgniter\Debug\Exceptions->errorHandler(2, 'Undefined variable $username', 'C:\\xampp\\htdocs\\W4\\CI4_latihan001\\app\\Views\\dashboard.php', 17)
 2 SYSTEMPATH\View\View.php(226): include('C:\\xampp\\htdocs\\W4\\CI4_latihan001\\app\\Views\\dashboard.php')
 3 SYSTEMPATH\View\View.php(229): CodeIgniter\View\View->CodeIgniter\View\{closure}()
 4 SYSTEMPATH\Common.php(1167): CodeIgniter\View\View->render('dashboard', [], true)
 5 APPPATH\Controllers\Home.php(14): view('dashboard', [...])
 6 SYSTEMPATH\CodeIgniter.php(933): App\Controllers\Home->index()
 7 SYSTEMPATH\CodeIgniter.php(507): CodeIgniter\CodeIgniter->runController(Object(App\Controllers\Home))
 8 SYSTEMPATH\CodeIgniter.php(354): CodeIgniter\CodeIgniter->handleRequest(null, Object(Config\Cache), false)
 9 SYSTEMPATH\Boot.php(363): CodeIgniter\CodeIgniter->run()
10 SYSTEMPATH\Boot.php(68): CodeIgniter\Boot::runCodeIgniter(Object(CodeIgniter\CodeIgniter))
11 FCPATH\index.php(59): CodeIgniter\Boot::bootWeb(Object(Config\Paths))
CRITICAL - 2025-09-16 04:39:48 --> ErrorException: Undefined variable $username
[Method: GET, Route: home]
in APPPATH\Views\dashboard.php on line 15.
 1 APPPATH\Views\dashboard.php(15): CodeIgniter\Debug\Exceptions->errorHandler(2, 'Undefined variable $username', 'C:\\xampp\\htdocs\\W4\\CI4_latihan001\\app\\Views\\dashboard.php', 15)
 2 SYSTEMPATH\View\View.php(226): include('C:\\xampp\\htdocs\\W4\\CI4_latihan001\\app\\Views\\dashboard.php')
 3 SYSTEMPATH\View\View.php(229): CodeIgniter\View\View->CodeIgniter\View\{closure}()
 4 SYSTEMPATH\Common.php(1167): CodeIgniter\View\View->render('dashboard', [], true)
 5 APPPATH\Controllers\Home.php(14): view('dashboard', [...])
 6 SYSTEMPATH\CodeIgniter.php(933): App\Controllers\Home->index()
 7 SYSTEMPATH\CodeIgniter.php(507): CodeIgniter\CodeIgniter->runController(Object(App\Controllers\Home))
 8 SYSTEMPATH\CodeIgniter.php(354): CodeIgniter\CodeIgniter->handleRequest(null, Object(Config\Cache), false)
 9 SYSTEMPATH\Boot.php(363): CodeIgniter\CodeIgniter->run()
10 SYSTEMPATH\Boot.php(68): CodeIgniter\Boot::runCodeIgniter(Object(CodeIgniter\CodeIgniter))
11 FCPATH\index.php(59): CodeIgniter\Boot::bootWeb(Object(Config\Paths))
CRITICAL - 2025-09-16 04:42:35 --> ErrorException: Undefined variable $username
[Method: GET, Route: home]
in APPPATH\Views\dashboard.php on line 15.
 1 APPPATH\Views\dashboard.php(15): CodeIgniter\Debug\Exceptions->errorHandler(2, 'Undefined variable $username', 'C:\\xampp\\htdocs\\W4\\CI4_latihan001\\app\\Views\\dashboard.php', 15)
 2 SYSTEMPATH\View\View.php(226): include('C:\\xampp\\htdocs\\W4\\CI4_latihan001\\app\\Views\\dashboard.php')
 3 SYSTEMPATH\View\View.php(229): CodeIgniter\View\View->CodeIgniter\View\{closure}()
 4 SYSTEMPATH\Common.php(1167): CodeIgniter\View\View->render('dashboard', [], true)
 5 APPPATH\Controllers\Home.php(14): view('dashboard', [...])
 6 SYSTEMPATH\CodeIgniter.php(933): App\Controllers\Home->index()
 7 SYSTEMPATH\CodeIgniter.php(507): CodeIgniter\CodeIgniter->runController(Object(App\Controllers\Home))
 8 SYSTEMPATH\CodeIgniter.php(354): CodeIgniter\CodeIgniter->handleRequest(null, Object(Config\Cache), false)
 9 SYSTEMPATH\Boot.php(363): CodeIgniter\CodeIgniter->run()
10 SYSTEMPATH\Boot.php(68): CodeIgniter\Boot::runCodeIgniter(Object(CodeIgniter\CodeIgniter))
11 FCPATH\index.php(59): CodeIgniter\Boot::bootWeb(Object(Config\Paths))
ERROR - 2025-09-16 06:33:52 --> mysqli_sql_exception: Table 'sistem_akademik.enrollments' doesn't exist in C:\xampp\htdocs\W4\CI4_latihan001\system\Database\MySQLi\Connection.php:327
Stack trace:
#0 C:\xampp\htdocs\W4\CI4_latihan001\system\Database\MySQLi\Connection.php(327): mysqli->query('SELECT `courses...', 0)
#1 C:\xampp\htdocs\W4\CI4_latihan001\system\Database\BaseConnection.php(729): CodeIgniter\Database\MySQLi\Connection->execute('SELECT `courses...')
#2 C:\xampp\htdocs\W4\CI4_latihan001\system\Database\BaseConnection.php(646): CodeIgniter\Database\BaseConnection->simpleQuery('SELECT `courses...')
#3 C:\xampp\htdocs\W4\CI4_latihan001\system\Database\BaseBuilder.php(1649): CodeIgniter\Database\BaseConnection->query('SELECT `courses...', Array, false)
#4 C:\xampp\htdocs\W4\CI4_latihan001\app\Controllers\CourseController.php(62): CodeIgniter\Database\BaseBuilder->get()
#5 C:\xampp\htdocs\W4\CI4_latihan001\system\CodeIgniter.php(933): App\Controllers\CourseController->myCourses()
#6 C:\xampp\htdocs\W4\CI4_latihan001\system\CodeIgniter.php(507): CodeIgniter\CodeIgniter->runController(Object(App\Controllers\CourseController))
#7 C:\xampp\htdocs\W4\CI4_latihan001\system\CodeIgniter.php(354): CodeIgniter\CodeIgniter->handleRequest(NULL, Object(Config\Cache), false)
#8 C:\xampp\htdocs\W4\CI4_latihan001\system\Boot.php(363): CodeIgniter\CodeIgniter->run()
#9 C:\xampp\htdocs\W4\CI4_latihan001\system\Boot.php(68): CodeIgniter\Boot::runCodeIgniter(Object(CodeIgniter\CodeIgniter))
#10 C:\xampp\htdocs\W4\CI4_latihan001\public\index.php(59): CodeIgniter\Boot::bootWeb(Object(Config\Paths))
#11 {main}
CRITICAL - 2025-09-16 06:33:53 --> CodeIgniter\Database\Exceptions\DatabaseException: Table 'sistem_akademik.enrollments' doesn't exist
[Method: GET, Route: mycourses]
in SYSTEMPATH\Database\BaseConnection.php on line 684.
 1 SYSTEMPATH\Database\BaseBuilder.php(1649): CodeIgniter\Database\BaseConnection->query('SELECT `courses`.`id`, `courses`.`name`, `courses`.`description`
FROM `enrollments`
JOIN `courses` ON `courses`.`id` = `enrollments`.`course_id`
WHERE `enrollments`.`user_id` = :enrollments.user_id:', [...], false)
 2 APPPATH\Controllers\CourseController.php(62): CodeIgniter\Database\BaseBuilder->get()
 3 SYSTEMPATH\CodeIgniter.php(933): App\Controllers\CourseController->myCourses()
 4 SYSTEMPATH\CodeIgniter.php(507): CodeIgniter\CodeIgniter->runController(Object(App\Controllers\CourseController))
 5 SYSTEMPATH\CodeIgniter.php(354): CodeIgniter\CodeIgniter->handleRequest(null, Object(Config\Cache), false)
 6 SYSTEMPATH\Boot.php(363): CodeIgniter\CodeIgniter->run()
 7 SYSTEMPATH\Boot.php(68): CodeIgniter\Boot::runCodeIgniter(Object(CodeIgniter\CodeIgniter))
 8 FCPATH\index.php(59): CodeIgniter\Boot::bootWeb(Object(Config\Paths))
CRITICAL - 2025-09-16 06:33:53 --> [Caused by] CodeIgniter\Database\Exceptions\DatabaseException: Table 'sistem_akademik.enrollments' doesn't exist
in SYSTEMPATH\Database\MySQLi\Connection.php on line 332.
 1 SYSTEMPATH\Database\BaseConnection.php(729): CodeIgniter\Database\MySQLi\Connection->execute('SELECT `courses`.`id`, `courses`.`name`, `courses`.`description`
FROM `enrollments`
JOIN `courses` ON `courses`.`id` = `enrollments`.`course_id`
WHERE `enrollments`.`user_id` = \'2\'')
 2 SYSTEMPATH\Database\BaseConnection.php(646): CodeIgniter\Database\BaseConnection->simpleQuery('SELECT `courses`.`id`, `courses`.`name`, `courses`.`description`
FROM `enrollments`
JOIN `courses` ON `courses`.`id` = `enrollments`.`course_id`
WHERE `enrollments`.`user_id` = \'2\'')
 3 SYSTEMPATH\Database\BaseBuilder.php(1649): CodeIgniter\Database\BaseConnection->query('SELECT `courses`.`id`, `courses`.`name`, `courses`.`description`
FROM `enrollments`
JOIN `courses` ON `courses`.`id` = `enrollments`.`course_id`
WHERE `enrollments`.`user_id` = :enrollments.user_id:', [...], false)
 4 APPPATH\Controllers\CourseController.php(62): CodeIgniter\Database\BaseBuilder->get()
 5 SYSTEMPATH\CodeIgniter.php(933): App\Controllers\CourseController->myCourses()
 6 SYSTEMPATH\CodeIgniter.php(507): CodeIgniter\CodeIgniter->runController(Object(App\Controllers\CourseController))
 7 SYSTEMPATH\CodeIgniter.php(354): CodeIgniter\CodeIgniter->handleRequest(null, Object(Config\Cache), false)
 8 SYSTEMPATH\Boot.php(363): CodeIgniter\CodeIgniter->run()
 9 SYSTEMPATH\Boot.php(68): CodeIgniter\Boot::runCodeIgniter(Object(CodeIgniter\CodeIgniter))
10 FCPATH\index.php(59): CodeIgniter\Boot::bootWeb(Object(Config\Paths))
CRITICAL - 2025-09-16 06:33:53 --> [Caused by] mysqli_sql_exception: Table 'sistem_akademik.enrollments' doesn't exist
in SYSTEMPATH\Database\MySQLi\Connection.php on line 327.
 1 SYSTEMPATH\Database\MySQLi\Connection.php(327): mysqli->query('SELECT `courses`.`id`, `courses`.`name`, `courses`.`description`
FROM `enrollments`
JOIN `courses` ON `courses`.`id` = `enrollments`.`course_id`
WHERE `enrollments`.`user_id` = \'2\'', 0)
 2 SYSTEMPATH\Database\BaseConnection.php(729): CodeIgniter\Database\MySQLi\Connection->execute('SELECT `courses`.`id`, `courses`.`name`, `courses`.`description`
FROM `enrollments`
JOIN `courses` ON `courses`.`id` = `enrollments`.`course_id`
WHERE `enrollments`.`user_id` = \'2\'')
 3 SYSTEMPATH\Database\BaseConnection.php(646): CodeIgniter\Database\BaseConnection->simpleQuery('SELECT `courses`.`id`, `courses`.`name`, `courses`.`description`
FROM `enrollments`
JOIN `courses` ON `courses`.`id` = `enrollments`.`course_id`
WHERE `enrollments`.`user_id` = \'2\'')
 4 SYSTEMPATH\Database\BaseBuilder.php(1649): CodeIgniter\Database\BaseConnection->query('SELECT `courses`.`id`, `courses`.`name`, `courses`.`description`
FROM `enrollments`
JOIN `courses` ON `courses`.`id` = `enrollments`.`course_id`
WHERE `enrollments`.`user_id` = :enrollments.user_id:', [...], false)
 5 APPPATH\Controllers\CourseController.php(62): CodeIgniter\Database\BaseBuilder->get()
 6 SYSTEMPATH\CodeIgniter.php(933): App\Controllers\CourseController->myCourses()
 7 SYSTEMPATH\CodeIgniter.php(507): CodeIgniter\CodeIgniter->runController(Object(App\Controllers\CourseController))
 8 SYSTEMPATH\CodeIgniter.php(354): CodeIgniter\CodeIgniter->handleRequest(null, Object(Config\Cache), false)
 9 SYSTEMPATH\Boot.php(363): CodeIgniter\CodeIgniter->run()
10 SYSTEMPATH\Boot.php(68): CodeIgniter\Boot::runCodeIgniter(Object(CodeIgniter\CodeIgniter))
11 FCPATH\index.php(59): CodeIgniter\Boot::bootWeb(Object(Config\Paths))
ERROR - 2025-09-16 06:37:30 --> mysqli_sql_exception: Unknown column 'enrollments.user_id' in 'where clause' in C:\xampp\htdocs\W4\CI4_latihan001\system\Database\MySQLi\Connection.php:327
Stack trace:
#0 C:\xampp\htdocs\W4\CI4_latihan001\system\Database\MySQLi\Connection.php(327): mysqli->query('SELECT `courses...', 0)
#1 C:\xampp\htdocs\W4\CI4_latihan001\system\Database\BaseConnection.php(729): CodeIgniter\Database\MySQLi\Connection->execute('SELECT `courses...')
#2 C:\xampp\htdocs\W4\CI4_latihan001\system\Database\BaseConnection.php(646): CodeIgniter\Database\BaseConnection->simpleQuery('SELECT `courses...')
#3 C:\xampp\htdocs\W4\CI4_latihan001\system\Database\BaseBuilder.php(1649): CodeIgniter\Database\BaseConnection->query('SELECT `courses...', Array, false)
#4 C:\xampp\htdocs\W4\CI4_latihan001\app\Controllers\CourseController.php(62): CodeIgniter\Database\BaseBuilder->get()
#5 C:\xampp\htdocs\W4\CI4_latihan001\system\CodeIgniter.php(933): App\Controllers\CourseController->myCourses()
#6 C:\xampp\htdocs\W4\CI4_latihan001\system\CodeIgniter.php(507): CodeIgniter\CodeIgniter->runController(Object(App\Controllers\CourseController))
#7 C:\xampp\htdocs\W4\CI4_latihan001\system\CodeIgniter.php(354): CodeIgniter\CodeIgniter->handleRequest(NULL, Object(Config\Cache), false)
#8 C:\xampp\htdocs\W4\CI4_latihan001\system\Boot.php(363): CodeIgniter\CodeIgniter->run()
#9 C:\xampp\htdocs\W4\CI4_latihan001\system\Boot.php(68): CodeIgniter\Boot::runCodeIgniter(Object(CodeIgniter\CodeIgniter))
#10 C:\xampp\htdocs\W4\CI4_latihan001\public\index.php(59): CodeIgniter\Boot::bootWeb(Object(Config\Paths))
#11 {main}
CRITICAL - 2025-09-16 06:37:30 --> CodeIgniter\Database\Exceptions\DatabaseException: Unknown column 'enrollments.user_id' in 'where clause'
[Method: GET, Route: mycourses]
in SYSTEMPATH\Database\BaseConnection.php on line 684.
 1 SYSTEMPATH\Database\BaseBuilder.php(1649): CodeIgniter\Database\BaseConnection->query('SELECT `courses`.`id`, `courses`.`name`, `courses`.`description`
FROM `takes`
JOIN `courses` ON `courses`.`id` = `enrollments`.`course_id`
WHERE `enrollments`.`user_id` = :enrollments.user_id:', [...], false)
 2 APPPATH\Controllers\CourseController.php(62): CodeIgniter\Database\BaseBuilder->get()
 3 SYSTEMPATH\CodeIgniter.php(933): App\Controllers\CourseController->myCourses()
 4 SYSTEMPATH\CodeIgniter.php(507): CodeIgniter\CodeIgniter->runController(Object(App\Controllers\CourseController))
 5 SYSTEMPATH\CodeIgniter.php(354): CodeIgniter\CodeIgniter->handleRequest(null, Object(Config\Cache), false)
 6 SYSTEMPATH\Boot.php(363): CodeIgniter\CodeIgniter->run()
 7 SYSTEMPATH\Boot.php(68): CodeIgniter\Boot::runCodeIgniter(Object(CodeIgniter\CodeIgniter))
 8 FCPATH\index.php(59): CodeIgniter\Boot::bootWeb(Object(Config\Paths))
CRITICAL - 2025-09-16 06:37:30 --> [Caused by] CodeIgniter\Database\Exceptions\DatabaseException: Unknown column 'enrollments.user_id' in 'where clause'
in SYSTEMPATH\Database\MySQLi\Connection.php on line 332.
 1 SYSTEMPATH\Database\BaseConnection.php(729): CodeIgniter\Database\MySQLi\Connection->execute('SELECT `courses`.`id`, `courses`.`name`, `courses`.`description`
FROM `takes`
JOIN `courses` ON `courses`.`id` = `enrollments`.`course_id`
WHERE `enrollments`.`user_id` = \'2\'')
 2 SYSTEMPATH\Database\BaseConnection.php(646): CodeIgniter\Database\BaseConnection->simpleQuery('SELECT `courses`.`id`, `courses`.`name`, `courses`.`description`
FROM `takes`
JOIN `courses` ON `courses`.`id` = `enrollments`.`course_id`
WHERE `enrollments`.`user_id` = \'2\'')
 3 SYSTEMPATH\Database\BaseBuilder.php(1649): CodeIgniter\Database\BaseConnection->query('SELECT `courses`.`id`, `courses`.`name`, `courses`.`description`
FROM `takes`
JOIN `courses` ON `courses`.`id` = `enrollments`.`course_id`
WHERE `enrollments`.`user_id` = :enrollments.user_id:', [...], false)
 4 APPPATH\Controllers\CourseController.php(62): CodeIgniter\Database\BaseBuilder->get()
 5 SYSTEMPATH\CodeIgniter.php(933): App\Controllers\CourseController->myCourses()
 6 SYSTEMPATH\CodeIgniter.php(507): CodeIgniter\CodeIgniter->runController(Object(App\Controllers\CourseController))
 7 SYSTEMPATH\CodeIgniter.php(354): CodeIgniter\CodeIgniter->handleRequest(null, Object(Config\Cache), false)
 8 SYSTEMPATH\Boot.php(363): CodeIgniter\CodeIgniter->run()
 9 SYSTEMPATH\Boot.php(68): CodeIgniter\Boot::runCodeIgniter(Object(CodeIgniter\CodeIgniter))
10 FCPATH\index.php(59): CodeIgniter\Boot::bootWeb(Object(Config\Paths))
CRITICAL - 2025-09-16 06:37:30 --> [Caused by] mysqli_sql_exception: Unknown column 'enrollments.user_id' in 'where clause'
in SYSTEMPATH\Database\MySQLi\Connection.php on line 327.
 1 SYSTEMPATH\Database\MySQLi\Connection.php(327): mysqli->query('SELECT `courses`.`id`, `courses`.`name`, `courses`.`description`
FROM `takes`
JOIN `courses` ON `courses`.`id` = `enrollments`.`course_id`
WHERE `enrollments`.`user_id` = \'2\'', 0)
 2 SYSTEMPATH\Database\BaseConnection.php(729): CodeIgniter\Database\MySQLi\Connection->execute('SELECT `courses`.`id`, `courses`.`name`, `courses`.`description`
FROM `takes`
JOIN `courses` ON `courses`.`id` = `enrollments`.`course_id`
WHERE `enrollments`.`user_id` = \'2\'')
 3 SYSTEMPATH\Database\BaseConnection.php(646): CodeIgniter\Database\BaseConnection->simpleQuery('SELECT `courses`.`id`, `courses`.`name`, `courses`.`description`
FROM `takes`
JOIN `courses` ON `courses`.`id` = `enrollments`.`course_id`
WHERE `enrollments`.`user_id` = \'2\'')
 4 SYSTEMPATH\Database\BaseBuilder.php(1649): CodeIgniter\Database\BaseConnection->query('SELECT `courses`.`id`, `courses`.`name`, `courses`.`description`
FROM `takes`
JOIN `courses` ON `courses`.`id` = `enrollments`.`course_id`
WHERE `enrollments`.`user_id` = :enrollments.user_id:', [...], false)
 5 APPPATH\Controllers\CourseController.php(62): CodeIgniter\Database\BaseBuilder->get()
 6 SYSTEMPATH\CodeIgniter.php(933): App\Controllers\CourseController->myCourses()
 7 SYSTEMPATH\CodeIgniter.php(507): CodeIgniter\CodeIgniter->runController(Object(App\Controllers\CourseController))
 8 SYSTEMPATH\CodeIgniter.php(354): CodeIgniter\CodeIgniter->handleRequest(null, Object(Config\Cache), false)
 9 SYSTEMPATH\Boot.php(363): CodeIgniter\CodeIgniter->run()
10 SYSTEMPATH\Boot.php(68): CodeIgniter\Boot::runCodeIgniter(Object(CodeIgniter\CodeIgniter))
11 FCPATH\index.php(59): CodeIgniter\Boot::bootWeb(Object(Config\Paths))
DEBUG - 2025-09-16 12:40:25 --> Session: Class initialized using 'CodeIgniter\Session\Handlers\FileHandler' driver.
